# JRE version: OpenJDK Runtime Environment (11.0.10) (build 11.0.10+0-b96-7249189)
# Java VM: OpenJDK 64-Bit Server VM (11.0.10+0-b96-7249189, mixed mode, tiered, compressed oops, g1 gc, windows-amd64)
Heap:
 garbage-first heap   total 131072K, used 88319K [0x0000000080000000, 0x0000000100000000)
  region size 1024K, 33 young (33792K), 6 survivors (6144K)
 Metaspace       used 78354K, capacity 80382K, committed 80624K, reserved 1120256K
  class space    used 10232K, capacity 10925K, committed 10956K, reserved 1048576K
GC Heap History (20 events):
Event: 10.897 GC heap before
{Heap before GC invocations=5 (full 0):
 garbage-first heap   total 131072K, used 85045K [0x0000000080000000, 0x0000000100000000)
  region size 1024K, 76 young (77824K), 9 survivors (9216K)
 Metaspace       used 27130K, capacity 27737K, committed 27824K, reserved 1073152K
  class space    used 3585K, capacity 3825K, committed 3840K, reserved 1048576K
}
Event: 10.911 GC heap after
{Heap after GC invocations=6 (full 0):
 garbage-first heap   total 131072K, used 19010K [0x0000000080000000, 0x0000000100000000)
  region size 1024K, 3 young (3072K), 3 survivors (3072K)
 Metaspace       used 27130K, capacity 27737K, committed 27824K, reserved 1073152K
  class space    used 3585K, capacity 3825K, committed 3840K, reserved 1048576K
}
Event: 12.776 GC heap before
{Heap before GC invocations=6 (full 0):
 garbage-first heap   total 131072K, used 59970K [0x0000000080000000, 0x0000000100000000)
  region size 1024K, 45 young (46080K), 3 survivors (3072K)
 Metaspace       used 34799K, capacity 35610K, committed 35708K, reserved 1081344K
  class space    used 4531K, capacity 4832K, committed 4864K, reserved 1048576K
}
Event: 12.798 GC heap after
{Heap after GC invocations=7 (full 0):
 garbage-first heap   total 131072K, used 22413K [0x0000000080000000, 0x0000000100000000)
  region size 1024K, 6 young (6144K), 6 survivors (6144K)
 Metaspace       used 34799K, capacity 35610K, committed 35708K, reserved 1081344K
  class space    used 4531K, capacity 4832K, committed 4864K, reserved 1048576K
}
Event: 15.095 GC heap before
{Heap before GC invocations=8 (full 0):
 garbage-first heap   total 131072K, used 92045K [0x0000000080000000, 0x0000000100000000)
  region size 1024K, 72 young (73728K), 6 survivors (6144K)
 Metaspace       used 40737K, capacity 41699K, committed 41852K, reserved 1085440K
  class space    used 5255K, capacity 5614K, committed 5632K, reserved 1048576K
}
Event: 15.112 GC heap after
{Heap after GC invocations=9 (full 0):
 garbage-first heap   total 131072K, used 26287K [0x0000000080000000, 0x0000000100000000)
  region size 1024K, 8 young (8192K), 8 survivors (8192K)
 Metaspace       used 40737K, capacity 41699K, committed 41852K, reserved 1085440K
  class space    used 5255K, capacity 5614K, committed 5632K, reserved 1048576K
}
Event: 18.780 GC heap before
{Heap before GC invocations=9 (full 0):
 garbage-first heap   total 131072K, used 94895K [0x0000000080000000, 0x0000000100000000)
  region size 1024K, 74 young (75776K), 8 survivors (8192K)
 Metaspace       used 45863K, capacity 47030K, committed 47100K, reserved 1089536K
  class space    used 5866K, capacity 6261K, committed 6272K, reserved 1048576K
}
Event: 18.798 GC heap after
{Heap after GC invocations=10 (full 0):
 garbage-first heap   total 131072K, used 29467K [0x0000000080000000, 0x0000000100000000)
  region size 1024K, 8 young (8192K), 8 survivors (8192K)
 Metaspace       used 45863K, capacity 47030K, committed 47100K, reserved 1089536K
  class space    used 5866K, capacity 6261K, committed 6272K, reserved 1048576K
}
Event: 30.985 GC heap before
{Heap before GC invocations=10 (full 0):
 garbage-first heap   total 131072K, used 101147K [0x0000000080000000, 0x0000000100000000)
  region size 1024K, 74 young (75776K), 8 survivors (8192K)
 Metaspace       used 50477K, capacity 51852K, committed 52092K, reserved 1095680K
  class space    used 6425K, capacity 6890K, committed 6912K, reserved 1048576K
}
Event: 31.009 GC heap after
{Heap after GC invocations=11 (full 0):
 garbage-first heap   total 131072K, used 43536K [0x0000000080000000, 0x0000000100000000)
  region size 1024K, 10 young (10240K), 10 survivors (10240K)
 Metaspace       used 50477K, capacity 51852K, committed 52092K, reserved 1095680K
  class space    used 6425K, capacity 6890K, committed 6912K, reserved 1048576K
}
Event: 33.354 GC heap before
{Heap before GC invocations=11 (full 0):
 garbage-first heap   total 131072K, used 94736K [0x0000000080000000, 0x0000000100000000)
  region size 1024K, 61 young (62464K), 10 survivors (10240K)
 Metaspace       used 58304K, capacity 59845K, committed 59940K, reserved 1101824K
  class space    used 7393K, capacity 7930K, committed 7936K, reserved 1048576K
}
Event: 33.384 GC heap after
{Heap after GC invocations=12 (full 0):
 garbage-first heap   total 131072K, used 47898K [0x0000000080000000, 0x0000000100000000)
  region size 1024K, 4 young (4096K), 4 survivors (4096K)
 Metaspace       used 58304K, capacity 59845K, committed 59940K, reserved 1101824K
  class space    used 7393K, capacity 7930K, committed 7936K, reserved 1048576K
}
Event: 35.493 GC heap before
{Heap before GC invocations=13 (full 0):
 garbage-first heap   total 131072K, used 100122K [0x0000000080000000, 0x0000000100000000)
  region size 1024K, 55 young (56320K), 4 survivors (4096K)
 Metaspace       used 63159K, capacity 64735K, committed 65008K, reserved 1105920K
  class space    used 8013K, capacity 8563K, committed 8652K, reserved 1048576K
}
Event: 35.512 GC heap after
{Heap after GC invocations=14 (full 0):
 garbage-first heap   total 131072K, used 51041K [0x0000000080000000, 0x0000000100000000)
  region size 1024K, 7 young (7168K), 7 survivors (7168K)
 Metaspace       used 63159K, capacity 64735K, committed 65008K, reserved 1105920K
  class space    used 8013K, capacity 8563K, committed 8652K, reserved 1048576K
}
Event: 37.279 GC heap before
{Heap before GC invocations=15 (full 0):
 garbage-first heap   total 131072K, used 102241K [0x0000000080000000, 0x0000000100000000)
  region size 1024K, 57 young (58368K), 7 survivors (7168K)
 Metaspace       used 67003K, capacity 68657K, committed 68720K, reserved 1110016K
  class space    used 8664K, capacity 9250K, committed 9292K, reserved 1048576K
}
Event: 37.297 GC heap after
{Heap after GC invocations=16 (full 0):
 garbage-first heap   total 131072K, used 55475K [0x0000000080000000, 0x0000000100000000)
  region size 1024K, 5 young (5120K), 5 survivors (5120K)
 Metaspace       used 67003K, capacity 68657K, committed 68720K, reserved 1110016K
  class space    used 8664K, capacity 9250K, committed 9292K, reserved 1048576K
}
Event: 39.064 GC heap before
{Heap before GC invocations=16 (full 0):
 garbage-first heap   total 131072K, used 103603K [0x0000000080000000, 0x0000000100000000)
  region size 1024K, 52 young (53248K), 5 survivors (5120K)
 Metaspace       used 71474K, capacity 73224K, committed 73456K, reserved 1114112K
  class space    used 9281K, capacity 9903K, committed 9932K, reserved 1048576K
}
Event: 39.077 GC heap after
{Heap after GC invocations=17 (full 0):
 garbage-first heap   total 131072K, used 58854K [0x0000000080000000, 0x0000000100000000)
  region size 1024K, 4 young (4096K), 4 survivors (4096K)
 Metaspace       used 71474K, capacity 73224K, committed 73456K, reserved 1114112K
  class space    used 9281K, capacity 9903K, committed 9932K, reserved 1048576K
}
Event: 41.033 GC heap before
{Heap before GC invocations=17 (full 0):
 garbage-first heap   total 131072K, used 104934K [0x0000000080000000, 0x0000000100000000)
  region size 1024K, 49 young (50176K), 4 survivors (4096K)
 Metaspace       used 76478K, capacity 78327K, committed 78576K, reserved 1118208K
  class space    used 9949K, capacity 10607K, committed 10700K, reserved 1048576K
}
Event: 41.045 GC heap after
{Heap after GC invocations=18 (full 0):
 garbage-first heap   total 131072K, used 61695K [0x0000000080000000, 0x0000000100000000)
  region size 1024K, 6 young (6144K), 6 survivors (6144K)
 Metaspace       used 76478K, capacity 78327K, committed 78576K, reserved 1118208K
  class space    used 9949K, capacity 10607K, committed 10700K, reserved 1048576K
}

